<?xml version="1.0" encoding="UTF-8"?>
<!-- Generated by org.testng.reporters.JUnitReportReporter -->
<testsuite hostname="dev2aaa3qa509" name="com.deloitte.automation.poc.TimeChangeAndJobExecutor" tests="1" failures="0" timestamp="13 Aug 2015 12:21:25 GMT" time="51.364" errors="0">
  <testcase name="timeAndJobExecutor" time="51.364" classname="com.deloitte.automation.poc.TimeChangeAndJobExecutor"/>
</testsuite> <!-- com.deloitte.automation.poc.TimeChangeAndJobExecutor -->
