<?xml version="1.0" encoding="UTF-8"?>
<!-- Generated by org.testng.reporters.JUnitReportReporter -->
<testsuite hostname="dev2aaa3qa509" name="com.exigen.automation.testcase.commonTests.SetDateTimeParamTestNew" tests="1" failures="0" timestamp="13 Aug 2015 12:21:25 GMT" time="0.420" errors="0">
  <testcase name="setDateTimeTest" time="0.420" classname="com.exigen.automation.testcase.commonTests.SetDateTimeParamTestNew"/>
</testsuite> <!-- com.exigen.automation.testcase.commonTests.SetDateTimeParamTestNew -->
